<?xml version="1.0" encoding="UTF-8"?>
<!-- Generated by org.testng.reporters.JUnitReportReporter -->
<testsuite hostname="DESKTOP-R3QST2J" name="com.todo.tests.RemoveTodoTest" tests="1" failures="0" timestamp="15 Sep 2020 21:56:34 GMT" time="10.474" errors="0">
  <testcase name="iCanRemoveTodo" time="10.474" classname="com.todo.tests.RemoveTodoTest"/>
</testsuite> <!-- com.todo.tests.RemoveTodoTest -->
